{"name": "test_create_booking_tc2", "status": "failed", "statusDetails": {"message": "AssertionError: assert True == False", "trace": "self = <tests.integration_test.test_create_booking.TestIntegration object at 0x0000028D950D4EB0>\n\n    @pytest.mark.smoke\n    @allure.feature('TC#2 Verify create booking2')\n    def test_create_booking_tc2(self):\n>        assert True == False\nE        assert True == False\n\ntests\\integration_test\\test_create_booking.py:36: AssertionError"}, "start": 1691224356845, "stop": 1691224356845, "uuid": "b9f55583-799c-4eb4-953b-86ea47911943", "historyId": "202f1d4a4732fba4c62e6e96af4bb2ef", "testCaseId": "202f1d4a4732fba4c62e6e96af4bb2ef", "fullName": "tests.integration_test.test_create_booking.TestIntegration#test_create_booking_tc2", "labels": [{"name": "feature", "value": "TC#2 Verify create booking2"}, {"name": "tag", "value": "smoke"}, {"name": "parentSuite", "value": "tests.integration_test"}, {"name": "suite", "value": "test_create_booking"}, {"name": "subSuite", "value": "TestIntegration"}, {"name": "host", "value": "LAPTOP-MRKV93V5"}, {"name": "thread", "value": "18500-MainThread"}, {"name": "framework", "value": "pytest"}, {"name": "language", "value": "cpython3"}, {"name": "package", "value": "tests.integration_test.test_create_booking"}]}