{"name": "test_create_booking_tc2", "status": "failed", "statusDetails": {"message": "AssertionError: assert True == False", "trace": "self = <tests.integration_test.test_create_booking.TestIntegration object at 0x000001B0A1EDBA30>\n\n    def test_create_booking_tc2(self):\n>        assert True == False\nE        assert True == False\n\ntests\\integration_test\\test_create_booking.py:19: AssertionError"}, "start": 1691094212562, "stop": 1691094212562, "uuid": "5d347a2e-8ecf-4774-b669-1efe8c70e678", "historyId": "202f1d4a4732fba4c62e6e96af4bb2ef", "testCaseId": "202f1d4a4732fba4c62e6e96af4bb2ef", "fullName": "tests.integration_test.test_create_booking.TestIntegration#test_create_booking_tc2", "labels": [{"name": "parentSuite", "value": "tests.integration_test"}, {"name": "suite", "value": "test_create_booking"}, {"name": "subSuite", "value": "TestIntegration"}, {"name": "host", "value": "LAPTOP-MRKV93V5"}, {"name": "thread", "value": "15964-MainThread"}, {"name": "framework", "value": "pytest"}, {"name": "language", "value": "cpython3"}, {"name": "package", "value": "tests.integration_test.test_create_booking"}]}