{"name": "test_create_booking_tc2", "status": "failed", "statusDetails": {"message": "AssertionError: assert True == False", "trace": "@pytest.mark.run(order=2)\n    def test_create_booking_tc2():\n>       assert True == False\nE       assert True == False\n\ntests\\integration_test\\test_create_booking.py:19: AssertionError"}, "start": 1691086597757, "stop": 1691086597757, "uuid": "15eb6cd6-5479-4c77-81f2-6ff38c7ace97", "historyId": "433db1bfdd297ac38dca36ef52064797", "testCaseId": "433db1bfdd297ac38dca36ef52064797", "fullName": "tests.integration_test.test_create_booking#test_create_booking_tc2", "labels": [{"name": "tag", "value": "run(order=2)"}, {"name": "parentSuite", "value": "tests.integration_test"}, {"name": "suite", "value": "test_create_booking"}, {"name": "host", "value": "LAPTOP-MRKV93V5"}, {"name": "thread", "value": "9076-MainThread"}, {"name": "framework", "value": "pytest"}, {"name": "language", "value": "cpython3"}, {"name": "package", "value": "tests.integration_test.test_create_booking"}]}